<?xml version="1.0" encoding="UTF-8"?>
<!-- Generated by org.testng.reporters.JUnitXMLReporter -->
<testsuite ignored="0" hostname="DESKTOP-IL64O1R" failures="0" tests="27" name="Default test" time="0.62" errors="0" timestamp="2023-02-07T17:18:01 IST">
  <testcase classname="Testng.First" name="cfirsts" time="0.029"/>
  <testcase classname="Testng.First" name="cfirsts" time="0.01"/>
  <testcase classname="Testng.First" name="cfirsts" time="0.009"/>
  <testcase classname="Testng.First" name="bseconds" time="0.01"/>
  <testcase classname="Testng.First" name="bseconds" time="0.01"/>
  <testcase classname="Testng.First" name="bseconds" time="0.008"/>
  <testcase classname="Testng.First" name="bseconds" time="0.004"/>
  <testcase classname="Testng.First" name="bseconds" time="0.007"/>
  <testcase classname="Testng.First" name="bseconds" time="0.003"/>
  <testcase classname="Testng.First" name="athirds" time="0.003"/>
  <testcase classname="Testng.First" name="athirds" time="0.006"/>
  <testcase classname="Testng.First" name="athirds" time="0.005"/>
  <testcase classname="Testng.First" name="athirds" time="0.001"/>
  <testcase classname="Testng.First" name="athirds" time="0.005"/>
  <testcase classname="Testng.First" name="athirds" time="0.001"/>
  <testcase classname="Testng.First" name="athirds" time="0.002"/>
  <testcase classname="Testng.First" name="athirds" time="0.002"/>
  <testcase classname="Testng.First" name="athirds" time="0.001"/>
  <testcase classname="Testng.First" name="dfourth" time="0.002"/>
  <testcase classname="Testng.First" name="dfourth" time="0.002"/>
  <testcase classname="Testng.First" name="dfourth" time="0.002"/>
  <testcase classname="Testng.First" name="dfourth" time="0.002"/>
  <testcase classname="Testng.First" name="dfourth" time="0.002"/>
  <testcase classname="Testng.First" name="dfourth" time="0.001"/>
  <testcase classname="Testng.First" name="dfourth" time="0.001"/>
  <testcase classname="Testng.First" name="dfourth" time="0.002"/>
  <testcase classname="Testng.First" name="dfourth" time="0.002"/>
</testsuite> <!-- Default test -->
