<?xml version="1.0" encoding="UTF-8"?>
<!-- Generated by org.testng.reporters.JUnitXMLReporter -->
<testsuite ignored="0" hostname="DESKTOP-IL64O1R" failures="6" tests="6" name="class" time="101.283" errors="0" timestamp="2023-01-31T16:29:13 IST">
  <testcase classname="Testng.LoginData" name="login" time="3.05">
    <failure type="org.testng.internal.thread.ThreadTimeoutException" message="Method Testng.LoginData.login() didn&amp;apos;t finish within the time-out 3000">
      <![CDATA[org.testng.internal.thread.ThreadTimeoutException: Method Testng.LoginData.login() didn't finish within the time-out 3000
at java.base/java.util.ArrayList.forEach(ArrayList.java:1511)
... Removed 24 stack frames]]>
    </failure>
  </testcase> <!-- login -->
  <testcase classname="Testng.LoginData" name="login" time="3.018">
    <failure type="org.testng.internal.thread.ThreadTimeoutException" message="Method Testng.LoginData.login() didn&amp;apos;t finish within the time-out 3000">
      <![CDATA[org.testng.internal.thread.ThreadTimeoutException: Method Testng.LoginData.login() didn't finish within the time-out 3000
at java.base/java.util.ArrayList.forEach(ArrayList.java:1511)
... Removed 24 stack frames]]>
    </failure>
  </testcase> <!-- login -->
  <testcase classname="Testng.LoginData" name="login" time="3.099">
    <failure type="org.testng.internal.thread.ThreadTimeoutException" message="Method Testng.LoginData.login() didn&amp;apos;t finish within the time-out 3000">
      <![CDATA[org.testng.internal.thread.ThreadTimeoutException: Method Testng.LoginData.login() didn't finish within the time-out 3000
at java.base/java.util.ArrayList.forEach(ArrayList.java:1511)
... Removed 24 stack frames]]>
    </failure>
  </testcase> <!-- login -->
  <testcase classname="Testng.LoginData" name="login" time="3.007">
    <failure type="org.testng.internal.thread.ThreadTimeoutException" message="Method Testng.LoginData.login() didn&amp;apos;t finish within the time-out 3000">
      <![CDATA[org.testng.internal.thread.ThreadTimeoutException: Method Testng.LoginData.login() didn't finish within the time-out 3000
at java.base/java.util.ArrayList.forEach(ArrayList.java:1511)
... Removed 24 stack frames]]>
    </failure>
  </testcase> <!-- login -->
  <testcase classname="Testng.LoginData" name="login" time="3.018">
    <failure type="org.testng.internal.thread.ThreadTimeoutException" message="Method Testng.LoginData.login() didn&amp;apos;t finish within the time-out 3000">
      <![CDATA[org.testng.internal.thread.ThreadTimeoutException: Method Testng.LoginData.login() didn't finish within the time-out 3000
at java.base/java.util.ArrayList.forEach(ArrayList.java:1511)
... Removed 24 stack frames]]>
    </failure>
  </testcase> <!-- login -->
  <testcase classname="Testng.LoginData" name="login" time="3.008">
    <failure type="org.testng.internal.thread.ThreadTimeoutException" message="Method Testng.LoginData.login() didn&amp;apos;t finish within the time-out 3000">
      <![CDATA[org.testng.internal.thread.ThreadTimeoutException: Method Testng.LoginData.login() didn't finish within the time-out 3000
at java.base/java.util.ArrayList.forEach(ArrayList.java:1511)
... Removed 24 stack frames]]>
    </failure>
  </testcase> <!-- login -->
</testsuite> <!-- class -->
