<?xml version="1.0" encoding="UTF-8"?>
<!-- Generated by org.testng.reporters.JUnitXMLReporter -->
<testsuite ignored="0" hostname="DESKTOP-IL64O1R" failures="0" tests="5" name="Test01" time="64.032" errors="0" timestamp="2023-01-19T21:52:25 IST">
  <testcase classname="Testng.BrowserEX" name="browserEX" time="7.371"/>
  <testcase classname="Testng.ClickandholdEX" name="clickandholdEX" time="20.115"/>
  <testcase classname="Testng.ActionEX" name="actionEX" time="15.173"/>
  <testcase classname="Testng.ActionEX" name="actionEX2" time="13.961"/>
  <testcase classname="Testng.ActionEX" name="actionEX3" time="7.475"/>
</testsuite> <!-- Test01 -->
