<?xml version="1.0" encoding="UTF-8"?>
<!-- Generated by org.testng.reporters.JUnitXMLReporter -->
<testsuite ignored="0" hostname="DESKTOP-IL64O1R" failures="1" tests="25" name="Test" time="1.245" errors="0" timestamp="2023-02-08T12:19:45 IST">
  <testcase classname="Testng.First" name="cfirsts" time="0.057">
    <failure type="java.lang.AssertionError" message="expected [true] but found [false]">
      <![CDATA[java.lang.AssertionError: expected [true] but found [false]
at Testng.First.cfirsts(First.java:59)
at java.base/java.util.ArrayList.forEach(ArrayList.java:1511)
... Removed 29 stack frames]]>
    </failure>
  </testcase> <!-- cfirsts -->
  <testcase classname="Testng.First" name="bseconds" time="0.013"/>
  <testcase classname="Testng.First" name="bseconds" time="0.017"/>
  <testcase classname="Testng.First" name="bseconds" time="0.013"/>
  <testcase classname="Testng.First" name="bseconds" time="0.01"/>
  <testcase classname="Testng.First" name="bseconds" time="0.008"/>
  <testcase classname="Testng.First" name="bseconds" time="0.009"/>
  <testcase classname="Testng.First" name="athirds" time="0.016"/>
  <testcase classname="Testng.First" name="athirds" time="0.011"/>
  <testcase classname="Testng.First" name="athirds" time="0.008"/>
  <testcase classname="Testng.First" name="athirds" time="0.009"/>
  <testcase classname="Testng.First" name="athirds" time="0.01"/>
  <testcase classname="Testng.First" name="athirds" time="0.005"/>
  <testcase classname="Testng.First" name="athirds" time="0.017"/>
  <testcase classname="Testng.First" name="athirds" time="0.014"/>
  <testcase classname="Testng.First" name="athirds" time="0.006"/>
  <testcase classname="Testng.First" name="dfourth" time="0.008"/>
  <testcase classname="Testng.First" name="dfourth" time="0.004"/>
  <testcase classname="Testng.First" name="dfourth" time="0.014"/>
  <testcase classname="Testng.First" name="dfourth" time="0.006"/>
  <testcase classname="Testng.First" name="dfourth" time="0.005"/>
  <testcase classname="Testng.First" name="dfourth" time="0.002"/>
  <testcase classname="Testng.First" name="dfourth" time="0.002"/>
  <testcase classname="Testng.First" name="dfourth" time="0.017"/>
  <testcase classname="Testng.First" name="dfourth" time="0.001"/>
</testsuite> <!-- Test -->
