<?xml version="1.0" encoding="UTF-8"?>
<testsuite xmlns:xsi="http://www.w3.org/2001/XMLSchema-instance" xsi:noNamespaceSchemaLocation="https://maven.apache.org/surefire/maven-surefire-plugin/xsd/surefire-test-report-3.0.xsd" version="3.0" name="TestSuite" time="4.749" tests="25" errors="0" skipped="0" failures="1">
  <properties>
[...]
</properties>
  <testcase name="cfirsts" classname="Testng.First" time="0.035">
    <failure message="expected [true] but found [false]" type="java.lang.AssertionError"><![CDATA[java.lang.AssertionError: expected [true] but found [false]
	at org.testng.Assert.fail(Assert.java:110)
	at org.testng.Assert.failNotEquals(Assert.java:1577)
	at org.testng.Assert.assertTrue(Assert.java:56)
	at org.testng.Assert.assertTrue(Assert.java:66)
	at Testng.First.cfirsts(First.java:59)
	at java.base/jdk.internal.reflect.DirectMethodHandleAccessor.invoke(DirectMethodHandleAccessor.java:104)
	at java.base/java.lang.reflect.Method.invoke(Method.java:578)
	at org.testng.internal.invokers.MethodInvocationHelper.invokeMethod(MethodInvocationHelper.java:139)
	at org.testng.internal.invokers.TestInvoker.invokeMethod(TestInvoker.java:677)
	at org.testng.internal.invokers.TestInvoker.invokeTestMethod(TestInvoker.java:221)
	at org.testng.internal.invokers.MethodRunner.runInSequence(MethodRunner.java:50)
	at org.testng.internal.invokers.TestInvoker$MethodInvocationAgent.invoke(TestInvoker.java:969)
	at org.testng.internal.invokers.TestInvoker.invokeTestMethods(TestInvoker.java:194)
	at org.testng.internal.invokers.TestMethodWorker.invokeTestMethods(TestMethodWorker.java:148)
	at org.testng.internal.invokers.TestMethodWorker.run(TestMethodWorker.java:128)
	at java.base/java.util.ArrayList.forEach(ArrayList.java:1511)
	at org.testng.TestRunner.privateRun(TestRunner.java:829)
	at org.testng.TestRunner.run(TestRunner.java:602)
	at org.testng.SuiteRunner.runTest(SuiteRunner.java:437)
	at org.testng.SuiteRunner.runSequentially(SuiteRunner.java:431)
	at org.testng.SuiteRunner.privateRun(SuiteRunner.java:391)
	at org.testng.SuiteRunner.run(SuiteRunner.java:330)
	at org.testng.SuiteRunnerWorker.runSuite(SuiteRunnerWorker.java:52)
	at org.testng.SuiteRunnerWorker.run(SuiteRunnerWorker.java:95)
	at org.testng.TestNG.runSuitesSequentially(TestNG.java:1256)
	at org.testng.TestNG.runSuitesLocally(TestNG.java:1176)
	at org.testng.TestNG.runSuites(TestNG.java:1099)
	at org.testng.TestNG.run(TestNG.java:1067)
	at org.apache.maven.surefire.testng.TestNGExecutor.run(TestNGExecutor.java:324)
	at org.apache.maven.surefire.testng.TestNGXmlTestSuite.execute(TestNGXmlTestSuite.java:74)
	at org.apache.maven.surefire.testng.TestNGProvider.invoke(TestNGProvider.java:123)
	at org.apache.maven.surefire.booter.ForkedBooter.runSuitesInProcess(ForkedBooter.java:456)
	at org.apache.maven.surefire.booter.ForkedBooter.execute(ForkedBooter.java:169)
	at org.apache.maven.surefire.booter.ForkedBooter.run(ForkedBooter.java:595)
	at org.apache.maven.surefire.booter.ForkedBooter.main(ForkedBooter.java:581)
]]></failure>
    <system-out><![CDATA[ Report Initialization
 Excell Connection
datebase connection 
Prerequisite
The first Testng Program
]]></system-out>
    <system-err><![CDATA[SLF4J: Failed to load class "org.slf4j.impl.StaticLoggerBinder".
SLF4J: Defaulting to no-operation (NOP) logger implementation
SLF4J: See http://www.slf4j.org/codes.html#StaticLoggerBinder for further details.
]]></system-err>
  </testcase>
  <testcase name="bseconds" classname="Testng.First" time="0.006">
    <system-out><![CDATA[Clear
Prerequisite
The second Testng Program
]]></system-out>
  </testcase>
  <testcase name="bseconds" classname="Testng.First" time="0.009">
    <system-out><![CDATA[Clear
Prerequisite
The second Testng Program
]]></system-out>
  </testcase>
  <testcase name="bseconds" classname="Testng.First" time="0.002">
    <system-out><![CDATA[Clear
Prerequisite
The second Testng Program
]]></system-out>
  </testcase>
  <testcase name="bseconds" classname="Testng.First" time="0.014">
    <system-out><![CDATA[Clear
Prerequisite
The second Testng Program
]]></system-out>
  </testcase>
  <testcase name="bseconds" classname="Testng.First" time="0.016">
    <system-out><![CDATA[Clear
Prerequisite
The second Testng Program
]]></system-out>
  </testcase>
  <testcase name="bseconds" classname="Testng.First" time="0.047">
    <system-out><![CDATA[Clear
Prerequisite
The second Testng Program
]]></system-out>
  </testcase>
  <testcase name="athirds" classname="Testng.First" time="0.046">
    <system-out><![CDATA[Clear
Prerequisite
The third Testng Program
]]></system-out>
  </testcase>
  <testcase name="athirds" classname="Testng.First" time="0.003">
    <system-out><![CDATA[Clear
Prerequisite
The third Testng Program
]]></system-out>
  </testcase>
  <testcase name="athirds" classname="Testng.First" time="0.002">
    <system-out><![CDATA[Clear
Prerequisite
The third Testng Program
]]></system-out>
  </testcase>
  <testcase name="athirds" classname="Testng.First" time="0.021">
    <system-out><![CDATA[Clear
Prerequisite
The third Testng Program
]]></system-out>
  </testcase>
  <testcase name="athirds" classname="Testng.First" time="0.003">
    <system-out><![CDATA[Clear
Prerequisite
The third Testng Program
]]></system-out>
  </testcase>
  <testcase name="athirds" classname="Testng.First" time="0.001">
    <system-out><![CDATA[Clear
Prerequisite
The third Testng Program
]]></system-out>
  </testcase>
  <testcase name="athirds" classname="Testng.First" time="0.003">
    <system-out><![CDATA[Clear
Prerequisite
The third Testng Program
]]></system-out>
  </testcase>
  <testcase name="athirds" classname="Testng.First" time="0.011">
    <system-out><![CDATA[Clear
Prerequisite
The third Testng Program
]]></system-out>
  </testcase>
  <testcase name="athirds" classname="Testng.First" time="0.007">
    <system-out><![CDATA[Clear
Prerequisite
The third Testng Program
]]></system-out>
  </testcase>
  <testcase name="dfourth" classname="Testng.First" time="0.015">
    <system-out><![CDATA[Clear
Prerequisite
The fourth Testng Program
]]></system-out>
  </testcase>
  <testcase name="dfourth" classname="Testng.First" time="0">
    <system-out><![CDATA[Clear
Prerequisite
The fourth Testng Program
]]></system-out>
  </testcase>
  <testcase name="dfourth" classname="Testng.First" time="0.006">
    <system-out><![CDATA[Clear
Prerequisite
The fourth Testng Program
]]></system-out>
  </testcase>
  <testcase name="dfourth" classname="Testng.First" time="0">
    <system-out><![CDATA[Clear
Prerequisite
The fourth Testng Program
]]></system-out>
  </testcase>
  <testcase name="dfourth" classname="Testng.First" time="0.001">
    <system-out><![CDATA[Clear
Prerequisite
The fourth Testng Program
]]></system-out>
  </testcase>
  <testcase name="dfourth" classname="Testng.First" time="0.001">
    <system-out><![CDATA[Clear
Prerequisite
The fourth Testng Program
]]></system-out>
  </testcase>
  <testcase name="dfourth" classname="Testng.First" time="0.005">
    <system-out><![CDATA[Clear
Prerequisite
The fourth Testng Program
]]></system-out>
  </testcase>
  <testcase name="dfourth" classname="Testng.First" time="0.097">
    <system-out><![CDATA[Clear
Prerequisite
The fourth Testng Program
]]></system-out>
  </testcase>
  <testcase name="dfourth" classname="Testng.First" time="0.001">
    <system-out><![CDATA[Clear
Prerequisite
The fourth Testng Program
]]></system-out>
  </testcase>
</testsuite>