<?xml version="1.0" encoding="UTF-8"?>
<testng-results ignored="0" total="25" passed="24" failed="1" skipped="0">
  <reporter-output>
  </reporter-output>
  <suite started-at="2023-02-08T12:20:56 IST" name="Suite" finished-at="2023-02-08T12:20:57 IST" duration-ms="1063">
    <groups>
      <group name="Regresstion Test">
        <method signature="First.bseconds()[pri:1, instance:Testng.First@2a7f1f10]" name="bseconds" class="Testng.First"/>
      </group> <!-- Regresstion Test -->
      <group name="Smoke Test">
        <method signature="First.cfirsts()[pri:-2, instance:Testng.First@2a7f1f10]" name="cfirsts" class="Testng.First"/>
        <method signature="First.dfourth()[pri:3, instance:Testng.First@2a7f1f10]" name="dfourth" class="Testng.First"/>
      </group> <!-- Smoke Test -->
      <group name="Sanitory Test">
        <method signature="First.athirds()[pri:3, instance:Testng.First@2a7f1f10]" name="athirds" class="Testng.First"/>
      </group> <!-- Sanitory Test -->
    </groups>
    <test started-at="2023-02-08T12:20:56 IST" name="Test" finished-at="2023-02-08T12:20:57 IST" duration-ms="1063">
      <class name="Testng.First">
        <test-method is-config="true" signature="Beforesuite()[pri:0, instance:Testng.First@2a7f1f10]" started-at="2023-02-08T12:20:56 IST" name="Beforesuite" finished-at="2023-02-08T12:20:56 IST" duration-ms="29" status="PASS">
          <reporter-output>
          </reporter-output>
        </test-method> <!-- Beforesuite -->
        <test-method is-config="true" signature="beforeclass()[pri:0, instance:Testng.First@2a7f1f10]" started-at="2023-02-08T12:20:56 IST" name="beforeclass" finished-at="2023-02-08T12:20:56 IST" duration-ms="1" status="PASS">
          <reporter-output>
          </reporter-output>
        </test-method> <!-- beforeclass -->
        <test-method is-config="true" signature="beforeMethod()[pri:0, instance:Testng.First@2a7f1f10]" started-at="2023-02-08T12:20:56 IST" name="beforeMethod" finished-at="2023-02-08T12:20:56 IST" duration-ms="1" status="PASS">
          <reporter-output>
          </reporter-output>
        </test-method> <!-- beforeMethod -->
        <test-method signature="cfirsts()[pri:-2, instance:Testng.First@2a7f1f10]" started-at="2023-02-08T12:20:56 IST" name="cfirsts" description=" First" finished-at="2023-02-08T12:20:56 IST" duration-ms="24" status="FAIL">
          <exception class="java.lang.AssertionError">
            <message>
              <![CDATA[expected [true] but found [false]]]>
            </message>
            <full-stacktrace>
              <![CDATA[java.lang.AssertionError: expected [true] but found [false]
at org.testng.Assert.fail(Assert.java:110)
at org.testng.Assert.failNotEquals(Assert.java:1577)
at org.testng.Assert.assertTrue(Assert.java:56)
at org.testng.Assert.assertTrue(Assert.java:66)
at Testng.First.cfirsts(First.java:59)
at java.base/jdk.internal.reflect.DirectMethodHandleAccessor.invoke(DirectMethodHandleAccessor.java:104)
at java.base/java.lang.reflect.Method.invoke(Method.java:578)
at org.testng.internal.invokers.MethodInvocationHelper.invokeMethod(MethodInvocationHelper.java:139)
at org.testng.internal.invokers.TestInvoker.invokeMethod(TestInvoker.java:677)
at org.testng.internal.invokers.TestInvoker.invokeTestMethod(TestInvoker.java:221)
at org.testng.internal.invokers.MethodRunner.runInSequence(MethodRunner.java:50)
at org.testng.internal.invokers.TestInvoker$MethodInvocationAgent.invoke(TestInvoker.java:969)
at org.testng.internal.invokers.TestInvoker.invokeTestMethods(TestInvoker.java:194)
at org.testng.internal.invokers.TestMethodWorker.invokeTestMethods(TestMethodWorker.java:148)
at org.testng.internal.invokers.TestMethodWorker.run(TestMethodWorker.java:128)
at java.base/java.util.ArrayList.forEach(ArrayList.java:1511)
at org.testng.TestRunner.privateRun(TestRunner.java:829)
at org.testng.TestRunner.run(TestRunner.java:602)
at org.testng.SuiteRunner.runTest(SuiteRunner.java:437)
at org.testng.SuiteRunner.runSequentially(SuiteRunner.java:431)
at org.testng.SuiteRunner.privateRun(SuiteRunner.java:391)
at org.testng.SuiteRunner.run(SuiteRunner.java:330)
at org.testng.SuiteRunnerWorker.runSuite(SuiteRunnerWorker.java:52)
at org.testng.SuiteRunnerWorker.run(SuiteRunnerWorker.java:95)
at org.testng.TestNG.runSuitesSequentially(TestNG.java:1256)
at org.testng.TestNG.runSuitesLocally(TestNG.java:1176)
at org.testng.TestNG.runSuites(TestNG.java:1099)
at org.testng.TestNG.run(TestNG.java:1067)
at org.apache.maven.surefire.testng.TestNGExecutor.run(TestNGExecutor.java:324)
at org.apache.maven.surefire.testng.TestNGXmlTestSuite.execute(TestNGXmlTestSuite.java:74)
at org.apache.maven.surefire.testng.TestNGProvider.invoke(TestNGProvider.java:123)
at org.apache.maven.surefire.booter.ForkedBooter.runSuitesInProcess(ForkedBooter.java:456)
at org.apache.maven.surefire.booter.ForkedBooter.execute(ForkedBooter.java:169)
at org.apache.maven.surefire.booter.ForkedBooter.run(ForkedBooter.java:595)
at org.apache.maven.surefire.booter.ForkedBooter.main(ForkedBooter.java:581)
]]>
            </full-stacktrace>
          </exception> <!-- java.lang.AssertionError -->
          <reporter-output>
          </reporter-output>
        </test-method> <!-- cfirsts -->
        <test-method is-config="true" signature="afterMethod()[pri:0, instance:Testng.First@2a7f1f10]" started-at="2023-02-08T12:20:56 IST" name="afterMethod" finished-at="2023-02-08T12:20:56 IST" duration-ms="31" status="PASS">
          <reporter-output>
          </reporter-output>
        </test-method> <!-- afterMethod -->
        <test-method is-config="true" signature="beforeMethod()[pri:0, instance:Testng.First@2a7f1f10]" started-at="2023-02-08T12:20:56 IST" name="beforeMethod" finished-at="2023-02-08T12:20:56 IST" duration-ms="1" status="PASS">
          <reporter-output>
          </reporter-output>
        </test-method> <!-- beforeMethod -->
        <test-method signature="bseconds()[pri:1, instance:Testng.First@2a7f1f10]" started-at="2023-02-08T12:20:56 IST" name="bseconds" description="second" finished-at="2023-02-08T12:20:56 IST" duration-ms="3" status="PASS">
          <reporter-output>
          </reporter-output>
        </test-method> <!-- bseconds -->
        <test-method is-config="true" signature="afterMethod()[pri:0, instance:Testng.First@2a7f1f10]" started-at="2023-02-08T12:20:56 IST" name="afterMethod" finished-at="2023-02-08T12:20:56 IST" duration-ms="3" status="PASS">
          <reporter-output>
          </reporter-output>
        </test-method> <!-- afterMethod -->
        <test-method is-config="true" signature="beforeMethod()[pri:0, instance:Testng.First@2a7f1f10]" started-at="2023-02-08T12:20:56 IST" name="beforeMethod" finished-at="2023-02-08T12:20:56 IST" duration-ms="1" status="PASS">
          <reporter-output>
          </reporter-output>
        </test-method> <!-- beforeMethod -->
        <test-method signature="bseconds()[pri:1, instance:Testng.First@2a7f1f10]" started-at="2023-02-08T12:20:56 IST" name="bseconds" description="second" finished-at="2023-02-08T12:20:56 IST" duration-ms="8" status="PASS">
          <reporter-output>
          </reporter-output>
        </test-method> <!-- bseconds -->
        <test-method is-config="true" signature="afterMethod()[pri:0, instance:Testng.First@2a7f1f10]" started-at="2023-02-08T12:20:56 IST" name="afterMethod" finished-at="2023-02-08T12:20:56 IST" duration-ms="1" status="PASS">
          <reporter-output>
          </reporter-output>
        </test-method> <!-- afterMethod -->
        <test-method is-config="true" signature="beforeMethod()[pri:0, instance:Testng.First@2a7f1f10]" started-at="2023-02-08T12:20:56 IST" name="beforeMethod" finished-at="2023-02-08T12:20:56 IST" duration-ms="3" status="PASS">
          <reporter-output>
          </reporter-output>
        </test-method> <!-- beforeMethod -->
        <test-method signature="bseconds()[pri:1, instance:Testng.First@2a7f1f10]" started-at="2023-02-08T12:20:56 IST" name="bseconds" description="second" finished-at="2023-02-08T12:20:56 IST" duration-ms="3" status="PASS">
          <reporter-output>
          </reporter-output>
        </test-method> <!-- bseconds -->
        <test-method is-config="true" signature="afterMethod()[pri:0, instance:Testng.First@2a7f1f10]" started-at="2023-02-08T12:20:56 IST" name="afterMethod" finished-at="2023-02-08T12:20:56 IST" duration-ms="2" status="PASS">
          <reporter-output>
          </reporter-output>
        </test-method> <!-- afterMethod -->
        <test-method is-config="true" signature="beforeMethod()[pri:0, instance:Testng.First@2a7f1f10]" started-at="2023-02-08T12:20:56 IST" name="beforeMethod" finished-at="2023-02-08T12:20:56 IST" duration-ms="2" status="PASS">
          <reporter-output>
          </reporter-output>
        </test-method> <!-- beforeMethod -->
        <test-method signature="bseconds()[pri:1, instance:Testng.First@2a7f1f10]" started-at="2023-02-08T12:20:56 IST" name="bseconds" description="second" finished-at="2023-02-08T12:20:56 IST" duration-ms="6" status="PASS">
          <reporter-output>
          </reporter-output>
        </test-method> <!-- bseconds -->
        <test-method is-config="true" signature="afterMethod()[pri:0, instance:Testng.First@2a7f1f10]" started-at="2023-02-08T12:20:56 IST" name="afterMethod" finished-at="2023-02-08T12:20:56 IST" duration-ms="1" status="PASS">
          <reporter-output>
          </reporter-output>
        </test-method> <!-- afterMethod -->
        <test-method is-config="true" signature="beforeMethod()[pri:0, instance:Testng.First@2a7f1f10]" started-at="2023-02-08T12:20:56 IST" name="beforeMethod" finished-at="2023-02-08T12:20:56 IST" duration-ms="1" status="PASS">
          <reporter-output>
          </reporter-output>
        </test-method> <!-- beforeMethod -->
        <test-method signature="bseconds()[pri:1, instance:Testng.First@2a7f1f10]" started-at="2023-02-08T12:20:56 IST" name="bseconds" description="second" finished-at="2023-02-08T12:20:56 IST" duration-ms="6" status="PASS">
          <reporter-output>
          </reporter-output>
        </test-method> <!-- bseconds -->
        <test-method is-config="true" signature="afterMethod()[pri:0, instance:Testng.First@2a7f1f10]" started-at="2023-02-08T12:20:56 IST" name="afterMethod" finished-at="2023-02-08T12:20:56 IST" duration-ms="2" status="PASS">
          <reporter-output>
          </reporter-output>
        </test-method> <!-- afterMethod -->
        <test-method is-config="true" signature="beforeMethod()[pri:0, instance:Testng.First@2a7f1f10]" started-at="2023-02-08T12:20:56 IST" name="beforeMethod" finished-at="2023-02-08T12:20:56 IST" duration-ms="1" status="PASS">
          <reporter-output>
          </reporter-output>
        </test-method> <!-- beforeMethod -->
        <test-method signature="bseconds()[pri:1, instance:Testng.First@2a7f1f10]" started-at="2023-02-08T12:20:56 IST" name="bseconds" description="second" finished-at="2023-02-08T12:20:56 IST" duration-ms="46" status="PASS">
          <reporter-output>
          </reporter-output>
        </test-method> <!-- bseconds -->
        <test-method is-config="true" signature="afterMethod()[pri:0, instance:Testng.First@2a7f1f10]" started-at="2023-02-08T12:20:56 IST" name="afterMethod" finished-at="2023-02-08T12:20:56 IST" duration-ms="3" status="PASS">
          <reporter-output>
          </reporter-output>
        </test-method> <!-- afterMethod -->
        <test-method is-config="true" signature="beforeMethod()[pri:0, instance:Testng.First@2a7f1f10]" started-at="2023-02-08T12:20:56 IST" name="beforeMethod" finished-at="2023-02-08T12:20:56 IST" duration-ms="4" status="PASS">
          <reporter-output>
          </reporter-output>
        </test-method> <!-- beforeMethod -->
        <test-method signature="athirds()[pri:3, instance:Testng.First@2a7f1f10]" started-at="2023-02-08T12:20:56 IST" name="athirds" description="third" finished-at="2023-02-08T12:20:56 IST" duration-ms="53" status="PASS">
          <reporter-output>
          </reporter-output>
        </test-method> <!-- athirds -->
        <test-method is-config="true" signature="afterMethod()[pri:0, instance:Testng.First@2a7f1f10]" started-at="2023-02-08T12:20:56 IST" name="afterMethod" finished-at="2023-02-08T12:20:56 IST" duration-ms="4" status="PASS">
          <reporter-output>
          </reporter-output>
        </test-method> <!-- afterMethod -->
        <test-method is-config="true" signature="beforeMethod()[pri:0, instance:Testng.First@2a7f1f10]" started-at="2023-02-08T12:20:56 IST" name="beforeMethod" finished-at="2023-02-08T12:20:56 IST" duration-ms="1" status="PASS">
          <reporter-output>
          </reporter-output>
        </test-method> <!-- beforeMethod -->
        <test-method signature="athirds()[pri:3, instance:Testng.First@2a7f1f10]" started-at="2023-02-08T12:20:56 IST" name="athirds" description="third" finished-at="2023-02-08T12:20:56 IST" duration-ms="74" status="PASS">
          <reporter-output>
          </reporter-output>
        </test-method> <!-- athirds -->
        <test-method is-config="true" signature="afterMethod()[pri:0, instance:Testng.First@2a7f1f10]" started-at="2023-02-08T12:20:56 IST" name="afterMethod" finished-at="2023-02-08T12:20:56 IST" duration-ms="1" status="PASS">
          <reporter-output>
          </reporter-output>
        </test-method> <!-- afterMethod -->
        <test-method is-config="true" signature="beforeMethod()[pri:0, instance:Testng.First@2a7f1f10]" started-at="2023-02-08T12:20:56 IST" name="beforeMethod" finished-at="2023-02-08T12:20:56 IST" duration-ms="1" status="PASS">
          <reporter-output>
          </reporter-output>
        </test-method> <!-- beforeMethod -->
        <test-method signature="athirds()[pri:3, instance:Testng.First@2a7f1f10]" started-at="2023-02-08T12:20:56 IST" name="athirds" description="third" finished-at="2023-02-08T12:20:56 IST" duration-ms="6" status="PASS">
          <reporter-output>
          </reporter-output>
        </test-method> <!-- athirds -->
        <test-method is-config="true" signature="afterMethod()[pri:0, instance:Testng.First@2a7f1f10]" started-at="2023-02-08T12:20:56 IST" name="afterMethod" finished-at="2023-02-08T12:20:56 IST" duration-ms="2" status="PASS">
          <reporter-output>
          </reporter-output>
        </test-method> <!-- afterMethod -->
        <test-method is-config="true" signature="beforeMethod()[pri:0, instance:Testng.First@2a7f1f10]" started-at="2023-02-08T12:20:56 IST" name="beforeMethod" finished-at="2023-02-08T12:20:56 IST" duration-ms="51" status="PASS">
          <reporter-output>
          </reporter-output>
        </test-method> <!-- beforeMethod -->
        <test-method signature="athirds()[pri:3, instance:Testng.First@2a7f1f10]" started-at="2023-02-08T12:20:56 IST" name="athirds" description="third" finished-at="2023-02-08T12:20:56 IST" duration-ms="16" status="PASS">
          <reporter-output>
          </reporter-output>
        </test-method> <!-- athirds -->
        <test-method is-config="true" signature="afterMethod()[pri:0, instance:Testng.First@2a7f1f10]" started-at="2023-02-08T12:20:56 IST" name="afterMethod" finished-at="2023-02-08T12:20:56 IST" duration-ms="4" status="PASS">
          <reporter-output>
          </reporter-output>
        </test-method> <!-- afterMethod -->
        <test-method is-config="true" signature="beforeMethod()[pri:0, instance:Testng.First@2a7f1f10]" started-at="2023-02-08T12:20:56 IST" name="beforeMethod" finished-at="2023-02-08T12:20:56 IST" duration-ms="3" status="PASS">
          <reporter-output>
          </reporter-output>
        </test-method> <!-- beforeMethod -->
        <test-method signature="athirds()[pri:3, instance:Testng.First@2a7f1f10]" started-at="2023-02-08T12:20:56 IST" name="athirds" description="third" finished-at="2023-02-08T12:20:56 IST" duration-ms="8" status="PASS">
          <reporter-output>
          </reporter-output>
        </test-method> <!-- athirds -->
        <test-method is-config="true" signature="afterMethod()[pri:0, instance:Testng.First@2a7f1f10]" started-at="2023-02-08T12:20:56 IST" name="afterMethod" finished-at="2023-02-08T12:20:56 IST" duration-ms="1" status="PASS">
          <reporter-output>
          </reporter-output>
        </test-method> <!-- afterMethod -->
        <test-method is-config="true" signature="beforeMethod()[pri:0, instance:Testng.First@2a7f1f10]" started-at="2023-02-08T12:20:56 IST" name="beforeMethod" finished-at="2023-02-08T12:20:56 IST" duration-ms="3" status="PASS">
          <reporter-output>
          </reporter-output>
        </test-method> <!-- beforeMethod -->
        <test-method signature="athirds()[pri:3, instance:Testng.First@2a7f1f10]" started-at="2023-02-08T12:20:56 IST" name="athirds" description="third" finished-at="2023-02-08T12:20:56 IST" duration-ms="3" status="PASS">
          <reporter-output>
          </reporter-output>
        </test-method> <!-- athirds -->
        <test-method is-config="true" signature="afterMethod()[pri:0, instance:Testng.First@2a7f1f10]" started-at="2023-02-08T12:20:56 IST" name="afterMethod" finished-at="2023-02-08T12:20:56 IST" duration-ms="3" status="PASS">
          <reporter-output>
          </reporter-output>
        </test-method> <!-- afterMethod -->
        <test-method is-config="true" signature="beforeMethod()[pri:0, instance:Testng.First@2a7f1f10]" started-at="2023-02-08T12:20:56 IST" name="beforeMethod" finished-at="2023-02-08T12:20:56 IST" duration-ms="3" status="PASS">
          <reporter-output>
          </reporter-output>
        </test-method> <!-- beforeMethod -->
        <test-method signature="athirds()[pri:3, instance:Testng.First@2a7f1f10]" started-at="2023-02-08T12:20:56 IST" name="athirds" description="third" finished-at="2023-02-08T12:20:56 IST" duration-ms="3" status="PASS">
          <reporter-output>
          </reporter-output>
        </test-method> <!-- athirds -->
        <test-method is-config="true" signature="afterMethod()[pri:0, instance:Testng.First@2a7f1f10]" started-at="2023-02-08T12:20:56 IST" name="afterMethod" finished-at="2023-02-08T12:20:56 IST" duration-ms="0" status="PASS">
          <reporter-output>
          </reporter-output>
        </test-method> <!-- afterMethod -->
        <test-method is-config="true" signature="beforeMethod()[pri:0, instance:Testng.First@2a7f1f10]" started-at="2023-02-08T12:20:56 IST" name="beforeMethod" finished-at="2023-02-08T12:20:56 IST" duration-ms="3" status="PASS">
          <reporter-output>
          </reporter-output>
        </test-method> <!-- beforeMethod -->
        <test-method signature="athirds()[pri:3, instance:Testng.First@2a7f1f10]" started-at="2023-02-08T12:20:56 IST" name="athirds" description="third" finished-at="2023-02-08T12:20:56 IST" duration-ms="19" status="PASS">
          <reporter-output>
          </reporter-output>
        </test-method> <!-- athirds -->
        <test-method is-config="true" signature="afterMethod()[pri:0, instance:Testng.First@2a7f1f10]" started-at="2023-02-08T12:20:56 IST" name="afterMethod" finished-at="2023-02-08T12:20:56 IST" duration-ms="0" status="PASS">
          <reporter-output>
          </reporter-output>
        </test-method> <!-- afterMethod -->
        <test-method is-config="true" signature="beforeMethod()[pri:0, instance:Testng.First@2a7f1f10]" started-at="2023-02-08T12:20:56 IST" name="beforeMethod" finished-at="2023-02-08T12:20:56 IST" duration-ms="3" status="PASS">
          <reporter-output>
          </reporter-output>
        </test-method> <!-- beforeMethod -->
        <test-method signature="athirds()[pri:3, instance:Testng.First@2a7f1f10]" started-at="2023-02-08T12:20:56 IST" name="athirds" description="third" finished-at="2023-02-08T12:20:56 IST" duration-ms="11" status="PASS">
          <reporter-output>
          </reporter-output>
        </test-method> <!-- athirds -->
        <test-method is-config="true" signature="afterMethod()[pri:0, instance:Testng.First@2a7f1f10]" started-at="2023-02-08T12:20:56 IST" name="afterMethod" finished-at="2023-02-08T12:20:56 IST" duration-ms="4" status="PASS">
          <reporter-output>
          </reporter-output>
        </test-method> <!-- afterMethod -->
        <test-method is-config="true" signature="beforeMethod()[pri:0, instance:Testng.First@2a7f1f10]" started-at="2023-02-08T12:20:57 IST" name="beforeMethod" finished-at="2023-02-08T12:20:57 IST" duration-ms="1" status="PASS">
          <reporter-output>
          </reporter-output>
        </test-method> <!-- beforeMethod -->
        <test-method signature="dfourth()[pri:3, instance:Testng.First@2a7f1f10]" started-at="2023-02-08T12:20:57 IST" name="dfourth" description="fourth" finished-at="2023-02-08T12:20:57 IST" duration-ms="22" status="PASS">
          <reporter-output>
          </reporter-output>
        </test-method> <!-- dfourth -->
        <test-method is-config="true" signature="afterMethod()[pri:0, instance:Testng.First@2a7f1f10]" started-at="2023-02-08T12:20:57 IST" name="afterMethod" finished-at="2023-02-08T12:20:57 IST" duration-ms="1" status="PASS">
          <reporter-output>
          </reporter-output>
        </test-method> <!-- afterMethod -->
        <test-method is-config="true" signature="beforeMethod()[pri:0, instance:Testng.First@2a7f1f10]" started-at="2023-02-08T12:20:57 IST" name="beforeMethod" finished-at="2023-02-08T12:20:57 IST" duration-ms="0" status="PASS">
          <reporter-output>
          </reporter-output>
        </test-method> <!-- beforeMethod -->
        <test-method signature="dfourth()[pri:3, instance:Testng.First@2a7f1f10]" started-at="2023-02-08T12:20:57 IST" name="dfourth" description="fourth" finished-at="2023-02-08T12:20:57 IST" duration-ms="1" status="PASS">
          <reporter-output>
          </reporter-output>
        </test-method> <!-- dfourth -->
        <test-method is-config="true" signature="afterMethod()[pri:0, instance:Testng.First@2a7f1f10]" started-at="2023-02-08T12:20:57 IST" name="afterMethod" finished-at="2023-02-08T12:20:57 IST" duration-ms="3" status="PASS">
          <reporter-output>
          </reporter-output>
        </test-method> <!-- afterMethod -->
        <test-method is-config="true" signature="beforeMethod()[pri:0, instance:Testng.First@2a7f1f10]" started-at="2023-02-08T12:20:57 IST" name="beforeMethod" finished-at="2023-02-08T12:20:57 IST" duration-ms="1" status="PASS">
          <reporter-output>
          </reporter-output>
        </test-method> <!-- beforeMethod -->
        <test-method signature="dfourth()[pri:3, instance:Testng.First@2a7f1f10]" started-at="2023-02-08T12:20:57 IST" name="dfourth" description="fourth" finished-at="2023-02-08T12:20:57 IST" duration-ms="10" status="PASS">
          <reporter-output>
          </reporter-output>
        </test-method> <!-- dfourth -->
        <test-method is-config="true" signature="afterMethod()[pri:0, instance:Testng.First@2a7f1f10]" started-at="2023-02-08T12:20:57 IST" name="afterMethod" finished-at="2023-02-08T12:20:57 IST" duration-ms="3" status="PASS">
          <reporter-output>
          </reporter-output>
        </test-method> <!-- afterMethod -->
        <test-method is-config="true" signature="beforeMethod()[pri:0, instance:Testng.First@2a7f1f10]" started-at="2023-02-08T12:20:57 IST" name="beforeMethod" finished-at="2023-02-08T12:20:57 IST" duration-ms="1" status="PASS">
          <reporter-output>
          </reporter-output>
        </test-method> <!-- beforeMethod -->
        <test-method signature="dfourth()[pri:3, instance:Testng.First@2a7f1f10]" started-at="2023-02-08T12:20:57 IST" name="dfourth" description="fourth" finished-at="2023-02-08T12:20:57 IST" duration-ms="2" status="PASS">
          <reporter-output>
          </reporter-output>
        </test-method> <!-- dfourth -->
        <test-method is-config="true" signature="afterMethod()[pri:0, instance:Testng.First@2a7f1f10]" started-at="2023-02-08T12:20:57 IST" name="afterMethod" finished-at="2023-02-08T12:20:57 IST" duration-ms="6" status="PASS">
          <reporter-output>
          </reporter-output>
        </test-method> <!-- afterMethod -->
        <test-method is-config="true" signature="beforeMethod()[pri:0, instance:Testng.First@2a7f1f10]" started-at="2023-02-08T12:20:57 IST" name="beforeMethod" finished-at="2023-02-08T12:20:57 IST" duration-ms="2" status="PASS">
          <reporter-output>
          </reporter-output>
        </test-method> <!-- beforeMethod -->
        <test-method signature="dfourth()[pri:3, instance:Testng.First@2a7f1f10]" started-at="2023-02-08T12:20:57 IST" name="dfourth" description="fourth" finished-at="2023-02-08T12:20:57 IST" duration-ms="1" status="PASS">
          <reporter-output>
          </reporter-output>
        </test-method> <!-- dfourth -->
        <test-method is-config="true" signature="afterMethod()[pri:0, instance:Testng.First@2a7f1f10]" started-at="2023-02-08T12:20:57 IST" name="afterMethod" finished-at="2023-02-08T12:20:57 IST" duration-ms="3" status="PASS">
          <reporter-output>
          </reporter-output>
        </test-method> <!-- afterMethod -->
        <test-method is-config="true" signature="beforeMethod()[pri:0, instance:Testng.First@2a7f1f10]" started-at="2023-02-08T12:20:57 IST" name="beforeMethod" finished-at="2023-02-08T12:20:57 IST" duration-ms="1" status="PASS">
          <reporter-output>
          </reporter-output>
        </test-method> <!-- beforeMethod -->
        <test-method signature="dfourth()[pri:3, instance:Testng.First@2a7f1f10]" started-at="2023-02-08T12:20:57 IST" name="dfourth" description="fourth" finished-at="2023-02-08T12:20:57 IST" duration-ms="2" status="PASS">
          <reporter-output>
          </reporter-output>
        </test-method> <!-- dfourth -->
        <test-method is-config="true" signature="afterMethod()[pri:0, instance:Testng.First@2a7f1f10]" started-at="2023-02-08T12:20:57 IST" name="afterMethod" finished-at="2023-02-08T12:20:57 IST" duration-ms="1" status="PASS">
          <reporter-output>
          </reporter-output>
        </test-method> <!-- afterMethod -->
        <test-method signature="dfourth()[pri:3, instance:Testng.First@2a7f1f10]" started-at="2023-02-08T12:20:57 IST" name="dfourth" description="fourth" finished-at="2023-02-08T12:20:57 IST" duration-ms="29" status="PASS">
          <reporter-output>
          </reporter-output>
        </test-method> <!-- dfourth -->
        <test-method is-config="true" signature="beforeMethod()[pri:0, instance:Testng.First@2a7f1f10]" started-at="2023-02-08T12:20:57 IST" name="beforeMethod" finished-at="2023-02-08T12:20:57 IST" duration-ms="0" status="PASS">
          <reporter-output>
          </reporter-output>
        </test-method> <!-- beforeMethod -->
        <test-method is-config="true" signature="afterMethod()[pri:0, instance:Testng.First@2a7f1f10]" started-at="2023-02-08T12:20:57 IST" name="afterMethod" finished-at="2023-02-08T12:20:57 IST" duration-ms="1" status="PASS">
          <reporter-output>
          </reporter-output>
        </test-method> <!-- afterMethod -->
        <test-method is-config="true" signature="beforeMethod()[pri:0, instance:Testng.First@2a7f1f10]" started-at="2023-02-08T12:20:57 IST" name="beforeMethod" finished-at="2023-02-08T12:20:57 IST" duration-ms="7" status="PASS">
          <reporter-output>
          </reporter-output>
        </test-method> <!-- beforeMethod -->
        <test-method signature="dfourth()[pri:3, instance:Testng.First@2a7f1f10]" started-at="2023-02-08T12:20:57 IST" name="dfourth" description="fourth" finished-at="2023-02-08T12:20:57 IST" duration-ms="3" status="PASS">
          <reporter-output>
          </reporter-output>
        </test-method> <!-- dfourth -->
        <test-method is-config="true" signature="afterMethod()[pri:0, instance:Testng.First@2a7f1f10]" started-at="2023-02-08T12:20:57 IST" name="afterMethod" finished-at="2023-02-08T12:20:57 IST" duration-ms="1" status="PASS">
          <reporter-output>
          </reporter-output>
        </test-method> <!-- afterMethod -->
        <test-method is-config="true" signature="beforeMethod()[pri:0, instance:Testng.First@2a7f1f10]" started-at="2023-02-08T12:20:57 IST" name="beforeMethod" finished-at="2023-02-08T12:20:57 IST" duration-ms="3" status="PASS">
          <reporter-output>
          </reporter-output>
        </test-method> <!-- beforeMethod -->
        <test-method signature="dfourth()[pri:3, instance:Testng.First@2a7f1f10]" started-at="2023-02-08T12:20:57 IST" name="dfourth" description="fourth" finished-at="2023-02-08T12:20:57 IST" duration-ms="6" status="PASS">
          <reporter-output>
          </reporter-output>
        </test-method> <!-- dfourth -->
        <test-method is-config="true" signature="afterMethod()[pri:0, instance:Testng.First@2a7f1f10]" started-at="2023-02-08T12:20:57 IST" name="afterMethod" finished-at="2023-02-08T12:20:57 IST" duration-ms="83" status="PASS">
          <reporter-output>
          </reporter-output>
        </test-method> <!-- afterMethod -->
        <test-method is-config="true" signature="Afterclass()[pri:0, instance:Testng.First@2a7f1f10]" started-at="2023-02-08T12:20:57 IST" name="Afterclass" finished-at="2023-02-08T12:20:57 IST" duration-ms="1" status="PASS">
          <reporter-output>
          </reporter-output>
        </test-method> <!-- Afterclass -->
        <test-method is-config="true" signature="aftersuite()[pri:0, instance:Testng.First@2a7f1f10]" started-at="2023-02-08T12:20:57 IST" name="aftersuite" finished-at="2023-02-08T12:20:57 IST" duration-ms="2" status="PASS">
          <reporter-output>
          </reporter-output>
        </test-method> <!-- aftersuite -->
      </class> <!-- Testng.First -->
    </test> <!-- Test -->
  </suite> <!-- Suite -->
</testng-results>
