<?xml version="1.0" encoding="UTF-8"?>
<testng-results ignored="0" total="27" passed="27" failed="0" skipped="0">
  <reporter-output>
  </reporter-output>
  <suite started-at="2023-02-07T17:18:00 IST" name="Default suite" finished-at="2023-02-07T17:18:01 IST" duration-ms="620">
    <groups>
      <group name="Smoke Test">
        <method signature="First.cfirsts()[pri:-2, instance:Testng.First@740cae06]" name="cfirsts" class="Testng.First"/>
        <method signature="First.dfourth()[pri:3, instance:Testng.First@740cae06]" name="dfourth" class="Testng.First"/>
      </group> <!-- Smoke Test -->
      <group name="Regresstion Test">
        <method signature="First.bseconds()[pri:1, instance:Testng.First@740cae06]" name="bseconds" class="Testng.First"/>
      </group> <!-- Regresstion Test -->
      <group name="Sanitory Test">
        <method signature="First.athirds()[pri:3, instance:Testng.First@740cae06]" name="athirds" class="Testng.First"/>
      </group> <!-- Sanitory Test -->
    </groups>
    <test started-at="2023-02-07T17:18:00 IST" name="Default test" finished-at="2023-02-07T17:18:01 IST" duration-ms="620">
      <class name="Testng.First">
        <test-method is-config="true" signature="Beforesuite()[pri:0, instance:Testng.First@740cae06]" started-at="2023-02-07T17:18:00 IST" name="Beforesuite" finished-at="2023-02-07T17:18:00 IST" duration-ms="26" status="PASS">
          <reporter-output>
          </reporter-output>
        </test-method> <!-- Beforesuite -->
        <test-method is-config="true" signature="beforeclass()[pri:0, instance:Testng.First@740cae06]" started-at="2023-02-07T17:18:00 IST" name="beforeclass" finished-at="2023-02-07T17:18:00 IST" duration-ms="1" status="PASS">
          <reporter-output>
          </reporter-output>
        </test-method> <!-- beforeclass -->
        <test-method is-config="true" signature="beforeMethod()[pri:0, instance:Testng.First@740cae06]" started-at="2023-02-07T17:18:00 IST" name="beforeMethod" finished-at="2023-02-07T17:18:00 IST" duration-ms="2" status="PASS">
          <reporter-output>
          </reporter-output>
        </test-method> <!-- beforeMethod -->
        <test-method signature="cfirsts()[pri:-2, instance:Testng.First@740cae06]" started-at="2023-02-07T17:18:00 IST" name="cfirsts" description=" First" finished-at="2023-02-07T17:18:00 IST" duration-ms="29" status="PASS">
          <reporter-output>
          </reporter-output>
        </test-method> <!-- cfirsts -->
        <test-method is-config="true" signature="afterMethod()[pri:0, instance:Testng.First@740cae06]" started-at="2023-02-07T17:18:00 IST" name="afterMethod" finished-at="2023-02-07T17:18:00 IST" duration-ms="1" status="PASS">
          <reporter-output>
          </reporter-output>
        </test-method> <!-- afterMethod -->
        <test-method is-config="true" signature="beforeMethod()[pri:0, instance:Testng.First@740cae06]" started-at="2023-02-07T17:18:00 IST" name="beforeMethod" finished-at="2023-02-07T17:18:00 IST" duration-ms="1" status="PASS">
          <reporter-output>
          </reporter-output>
        </test-method> <!-- beforeMethod -->
        <test-method signature="cfirsts()[pri:-2, instance:Testng.First@740cae06]" started-at="2023-02-07T17:18:00 IST" name="cfirsts" description=" First" finished-at="2023-02-07T17:18:00 IST" duration-ms="10" status="PASS">
          <reporter-output>
          </reporter-output>
        </test-method> <!-- cfirsts -->
        <test-method is-config="true" signature="afterMethod()[pri:0, instance:Testng.First@740cae06]" started-at="2023-02-07T17:18:00 IST" name="afterMethod" finished-at="2023-02-07T17:18:00 IST" duration-ms="1" status="PASS">
          <reporter-output>
          </reporter-output>
        </test-method> <!-- afterMethod -->
        <test-method is-config="true" signature="beforeMethod()[pri:0, instance:Testng.First@740cae06]" started-at="2023-02-07T17:18:00 IST" name="beforeMethod" finished-at="2023-02-07T17:18:00 IST" duration-ms="0" status="PASS">
          <reporter-output>
          </reporter-output>
        </test-method> <!-- beforeMethod -->
        <test-method signature="cfirsts()[pri:-2, instance:Testng.First@740cae06]" started-at="2023-02-07T17:18:00 IST" name="cfirsts" description=" First" finished-at="2023-02-07T17:18:00 IST" duration-ms="9" status="PASS">
          <reporter-output>
          </reporter-output>
        </test-method> <!-- cfirsts -->
        <test-method is-config="true" signature="afterMethod()[pri:0, instance:Testng.First@740cae06]" started-at="2023-02-07T17:18:00 IST" name="afterMethod" finished-at="2023-02-07T17:18:00 IST" duration-ms="0" status="PASS">
          <reporter-output>
          </reporter-output>
        </test-method> <!-- afterMethod -->
        <test-method is-config="true" signature="beforeMethod()[pri:0, instance:Testng.First@740cae06]" started-at="2023-02-07T17:18:00 IST" name="beforeMethod" finished-at="2023-02-07T17:18:00 IST" duration-ms="1" status="PASS">
          <reporter-output>
          </reporter-output>
        </test-method> <!-- beforeMethod -->
        <test-method signature="bseconds()[pri:1, instance:Testng.First@740cae06]" started-at="2023-02-07T17:18:00 IST" name="bseconds" description="second" finished-at="2023-02-07T17:18:00 IST" duration-ms="10" status="PASS">
          <reporter-output>
          </reporter-output>
        </test-method> <!-- bseconds -->
        <test-method is-config="true" signature="afterMethod()[pri:0, instance:Testng.First@740cae06]" started-at="2023-02-07T17:18:00 IST" name="afterMethod" finished-at="2023-02-07T17:18:00 IST" duration-ms="1" status="PASS">
          <reporter-output>
          </reporter-output>
        </test-method> <!-- afterMethod -->
        <test-method is-config="true" signature="beforeMethod()[pri:0, instance:Testng.First@740cae06]" started-at="2023-02-07T17:18:00 IST" name="beforeMethod" finished-at="2023-02-07T17:18:00 IST" duration-ms="1" status="PASS">
          <reporter-output>
          </reporter-output>
        </test-method> <!-- beforeMethod -->
        <test-method signature="bseconds()[pri:1, instance:Testng.First@740cae06]" started-at="2023-02-07T17:18:00 IST" name="bseconds" description="second" finished-at="2023-02-07T17:18:00 IST" duration-ms="10" status="PASS">
          <reporter-output>
          </reporter-output>
        </test-method> <!-- bseconds -->
        <test-method is-config="true" signature="afterMethod()[pri:0, instance:Testng.First@740cae06]" started-at="2023-02-07T17:18:00 IST" name="afterMethod" finished-at="2023-02-07T17:18:00 IST" duration-ms="0" status="PASS">
          <reporter-output>
          </reporter-output>
        </test-method> <!-- afterMethod -->
        <test-method is-config="true" signature="beforeMethod()[pri:0, instance:Testng.First@740cae06]" started-at="2023-02-07T17:18:00 IST" name="beforeMethod" finished-at="2023-02-07T17:18:00 IST" duration-ms="1" status="PASS">
          <reporter-output>
          </reporter-output>
        </test-method> <!-- beforeMethod -->
        <test-method signature="bseconds()[pri:1, instance:Testng.First@740cae06]" started-at="2023-02-07T17:18:00 IST" name="bseconds" description="second" finished-at="2023-02-07T17:18:00 IST" duration-ms="8" status="PASS">
          <reporter-output>
          </reporter-output>
        </test-method> <!-- bseconds -->
        <test-method is-config="true" signature="afterMethod()[pri:0, instance:Testng.First@740cae06]" started-at="2023-02-07T17:18:00 IST" name="afterMethod" finished-at="2023-02-07T17:18:00 IST" duration-ms="0" status="PASS">
          <reporter-output>
          </reporter-output>
        </test-method> <!-- afterMethod -->
        <test-method is-config="true" signature="beforeMethod()[pri:0, instance:Testng.First@740cae06]" started-at="2023-02-07T17:18:00 IST" name="beforeMethod" finished-at="2023-02-07T17:18:00 IST" duration-ms="1" status="PASS">
          <reporter-output>
          </reporter-output>
        </test-method> <!-- beforeMethod -->
        <test-method signature="bseconds()[pri:1, instance:Testng.First@740cae06]" started-at="2023-02-07T17:18:00 IST" name="bseconds" description="second" finished-at="2023-02-07T17:18:00 IST" duration-ms="4" status="PASS">
          <reporter-output>
          </reporter-output>
        </test-method> <!-- bseconds -->
        <test-method is-config="true" signature="afterMethod()[pri:0, instance:Testng.First@740cae06]" started-at="2023-02-07T17:18:00 IST" name="afterMethod" finished-at="2023-02-07T17:18:00 IST" duration-ms="1" status="PASS">
          <reporter-output>
          </reporter-output>
        </test-method> <!-- afterMethod -->
        <test-method is-config="true" signature="beforeMethod()[pri:0, instance:Testng.First@740cae06]" started-at="2023-02-07T17:18:00 IST" name="beforeMethod" finished-at="2023-02-07T17:18:00 IST" duration-ms="1" status="PASS">
          <reporter-output>
          </reporter-output>
        </test-method> <!-- beforeMethod -->
        <test-method signature="bseconds()[pri:1, instance:Testng.First@740cae06]" started-at="2023-02-07T17:18:00 IST" name="bseconds" description="second" finished-at="2023-02-07T17:18:01 IST" duration-ms="7" status="PASS">
          <reporter-output>
          </reporter-output>
        </test-method> <!-- bseconds -->
        <test-method is-config="true" signature="afterMethod()[pri:0, instance:Testng.First@740cae06]" started-at="2023-02-07T17:18:01 IST" name="afterMethod" finished-at="2023-02-07T17:18:01 IST" duration-ms="2" status="PASS">
          <reporter-output>
          </reporter-output>
        </test-method> <!-- afterMethod -->
        <test-method is-config="true" signature="beforeMethod()[pri:0, instance:Testng.First@740cae06]" started-at="2023-02-07T17:18:01 IST" name="beforeMethod" finished-at="2023-02-07T17:18:01 IST" duration-ms="2" status="PASS">
          <reporter-output>
          </reporter-output>
        </test-method> <!-- beforeMethod -->
        <test-method signature="bseconds()[pri:1, instance:Testng.First@740cae06]" started-at="2023-02-07T17:18:01 IST" name="bseconds" description="second" finished-at="2023-02-07T17:18:01 IST" duration-ms="3" status="PASS">
          <reporter-output>
          </reporter-output>
        </test-method> <!-- bseconds -->
        <test-method is-config="true" signature="afterMethod()[pri:0, instance:Testng.First@740cae06]" started-at="2023-02-07T17:18:01 IST" name="afterMethod" finished-at="2023-02-07T17:18:01 IST" duration-ms="1" status="PASS">
          <reporter-output>
          </reporter-output>
        </test-method> <!-- afterMethod -->
        <test-method signature="athirds()[pri:3, instance:Testng.First@740cae06]" started-at="2023-02-07T17:18:01 IST" name="athirds" description="third" finished-at="2023-02-07T17:18:01 IST" duration-ms="3" status="PASS">
          <reporter-output>
          </reporter-output>
        </test-method> <!-- athirds -->
        <test-method is-config="true" signature="beforeMethod()[pri:0, instance:Testng.First@740cae06]" started-at="2023-02-07T17:18:01 IST" name="beforeMethod" finished-at="2023-02-07T17:18:01 IST" duration-ms="0" status="PASS">
          <reporter-output>
          </reporter-output>
        </test-method> <!-- beforeMethod -->
        <test-method is-config="true" signature="afterMethod()[pri:0, instance:Testng.First@740cae06]" started-at="2023-02-07T17:18:01 IST" name="afterMethod" finished-at="2023-02-07T17:18:01 IST" duration-ms="0" status="PASS">
          <reporter-output>
          </reporter-output>
        </test-method> <!-- afterMethod -->
        <test-method is-config="true" signature="beforeMethod()[pri:0, instance:Testng.First@740cae06]" started-at="2023-02-07T17:18:01 IST" name="beforeMethod" finished-at="2023-02-07T17:18:01 IST" duration-ms="4" status="PASS">
          <reporter-output>
          </reporter-output>
        </test-method> <!-- beforeMethod -->
        <test-method signature="athirds()[pri:3, instance:Testng.First@740cae06]" started-at="2023-02-07T17:18:01 IST" name="athirds" description="third" finished-at="2023-02-07T17:18:01 IST" duration-ms="6" status="PASS">
          <reporter-output>
          </reporter-output>
        </test-method> <!-- athirds -->
        <test-method is-config="true" signature="afterMethod()[pri:0, instance:Testng.First@740cae06]" started-at="2023-02-07T17:18:01 IST" name="afterMethod" finished-at="2023-02-07T17:18:01 IST" duration-ms="1" status="PASS">
          <reporter-output>
          </reporter-output>
        </test-method> <!-- afterMethod -->
        <test-method is-config="true" signature="beforeMethod()[pri:0, instance:Testng.First@740cae06]" started-at="2023-02-07T17:18:01 IST" name="beforeMethod" finished-at="2023-02-07T17:18:01 IST" duration-ms="4" status="PASS">
          <reporter-output>
          </reporter-output>
        </test-method> <!-- beforeMethod -->
        <test-method signature="athirds()[pri:3, instance:Testng.First@740cae06]" started-at="2023-02-07T17:18:01 IST" name="athirds" description="third" finished-at="2023-02-07T17:18:01 IST" duration-ms="5" status="PASS">
          <reporter-output>
          </reporter-output>
        </test-method> <!-- athirds -->
        <test-method is-config="true" signature="afterMethod()[pri:0, instance:Testng.First@740cae06]" started-at="2023-02-07T17:18:01 IST" name="afterMethod" finished-at="2023-02-07T17:18:01 IST" duration-ms="1" status="PASS">
          <reporter-output>
          </reporter-output>
        </test-method> <!-- afterMethod -->
        <test-method is-config="true" signature="beforeMethod()[pri:0, instance:Testng.First@740cae06]" started-at="2023-02-07T17:18:01 IST" name="beforeMethod" finished-at="2023-02-07T17:18:01 IST" duration-ms="1" status="PASS">
          <reporter-output>
          </reporter-output>
        </test-method> <!-- beforeMethod -->
        <test-method signature="athirds()[pri:3, instance:Testng.First@740cae06]" started-at="2023-02-07T17:18:01 IST" name="athirds" description="third" finished-at="2023-02-07T17:18:01 IST" duration-ms="1" status="PASS">
          <reporter-output>
          </reporter-output>
        </test-method> <!-- athirds -->
        <test-method is-config="true" signature="afterMethod()[pri:0, instance:Testng.First@740cae06]" started-at="2023-02-07T17:18:01 IST" name="afterMethod" finished-at="2023-02-07T17:18:01 IST" duration-ms="2" status="PASS">
          <reporter-output>
          </reporter-output>
        </test-method> <!-- afterMethod -->
        <test-method is-config="true" signature="beforeMethod()[pri:0, instance:Testng.First@740cae06]" started-at="2023-02-07T17:18:01 IST" name="beforeMethod" finished-at="2023-02-07T17:18:01 IST" duration-ms="3" status="PASS">
          <reporter-output>
          </reporter-output>
        </test-method> <!-- beforeMethod -->
        <test-method signature="athirds()[pri:3, instance:Testng.First@740cae06]" started-at="2023-02-07T17:18:01 IST" name="athirds" description="third" finished-at="2023-02-07T17:18:01 IST" duration-ms="5" status="PASS">
          <reporter-output>
          </reporter-output>
        </test-method> <!-- athirds -->
        <test-method is-config="true" signature="afterMethod()[pri:0, instance:Testng.First@740cae06]" started-at="2023-02-07T17:18:01 IST" name="afterMethod" finished-at="2023-02-07T17:18:01 IST" duration-ms="2" status="PASS">
          <reporter-output>
          </reporter-output>
        </test-method> <!-- afterMethod -->
        <test-method is-config="true" signature="beforeMethod()[pri:0, instance:Testng.First@740cae06]" started-at="2023-02-07T17:18:01 IST" name="beforeMethod" finished-at="2023-02-07T17:18:01 IST" duration-ms="1" status="PASS">
          <reporter-output>
          </reporter-output>
        </test-method> <!-- beforeMethod -->
        <test-method signature="athirds()[pri:3, instance:Testng.First@740cae06]" started-at="2023-02-07T17:18:01 IST" name="athirds" description="third" finished-at="2023-02-07T17:18:01 IST" duration-ms="1" status="PASS">
          <reporter-output>
          </reporter-output>
        </test-method> <!-- athirds -->
        <test-method is-config="true" signature="afterMethod()[pri:0, instance:Testng.First@740cae06]" started-at="2023-02-07T17:18:01 IST" name="afterMethod" finished-at="2023-02-07T17:18:01 IST" duration-ms="10" status="PASS">
          <reporter-output>
          </reporter-output>
        </test-method> <!-- afterMethod -->
        <test-method is-config="true" signature="beforeMethod()[pri:0, instance:Testng.First@740cae06]" started-at="2023-02-07T17:18:01 IST" name="beforeMethod" finished-at="2023-02-07T17:18:01 IST" duration-ms="3" status="PASS">
          <reporter-output>
          </reporter-output>
        </test-method> <!-- beforeMethod -->
        <test-method signature="athirds()[pri:3, instance:Testng.First@740cae06]" started-at="2023-02-07T17:18:01 IST" name="athirds" description="third" finished-at="2023-02-07T17:18:01 IST" duration-ms="2" status="PASS">
          <reporter-output>
          </reporter-output>
        </test-method> <!-- athirds -->
        <test-method is-config="true" signature="afterMethod()[pri:0, instance:Testng.First@740cae06]" started-at="2023-02-07T17:18:01 IST" name="afterMethod" finished-at="2023-02-07T17:18:01 IST" duration-ms="2" status="PASS">
          <reporter-output>
          </reporter-output>
        </test-method> <!-- afterMethod -->
        <test-method is-config="true" signature="beforeMethod()[pri:0, instance:Testng.First@740cae06]" started-at="2023-02-07T17:18:01 IST" name="beforeMethod" finished-at="2023-02-07T17:18:01 IST" duration-ms="2" status="PASS">
          <reporter-output>
          </reporter-output>
        </test-method> <!-- beforeMethod -->
        <test-method signature="athirds()[pri:3, instance:Testng.First@740cae06]" started-at="2023-02-07T17:18:01 IST" name="athirds" description="third" finished-at="2023-02-07T17:18:01 IST" duration-ms="2" status="PASS">
          <reporter-output>
          </reporter-output>
        </test-method> <!-- athirds -->
        <test-method is-config="true" signature="afterMethod()[pri:0, instance:Testng.First@740cae06]" started-at="2023-02-07T17:18:01 IST" name="afterMethod" finished-at="2023-02-07T17:18:01 IST" duration-ms="1" status="PASS">
          <reporter-output>
          </reporter-output>
        </test-method> <!-- afterMethod -->
        <test-method is-config="true" signature="beforeMethod()[pri:0, instance:Testng.First@740cae06]" started-at="2023-02-07T17:18:01 IST" name="beforeMethod" finished-at="2023-02-07T17:18:01 IST" duration-ms="2" status="PASS">
          <reporter-output>
          </reporter-output>
        </test-method> <!-- beforeMethod -->
        <test-method signature="athirds()[pri:3, instance:Testng.First@740cae06]" started-at="2023-02-07T17:18:01 IST" name="athirds" description="third" finished-at="2023-02-07T17:18:01 IST" duration-ms="1" status="PASS">
          <reporter-output>
          </reporter-output>
        </test-method> <!-- athirds -->
        <test-method is-config="true" signature="afterMethod()[pri:0, instance:Testng.First@740cae06]" started-at="2023-02-07T17:18:01 IST" name="afterMethod" finished-at="2023-02-07T17:18:01 IST" duration-ms="2" status="PASS">
          <reporter-output>
          </reporter-output>
        </test-method> <!-- afterMethod -->
        <test-method is-config="true" signature="beforeMethod()[pri:0, instance:Testng.First@740cae06]" started-at="2023-02-07T17:18:01 IST" name="beforeMethod" finished-at="2023-02-07T17:18:01 IST" duration-ms="0" status="PASS">
          <reporter-output>
          </reporter-output>
        </test-method> <!-- beforeMethod -->
        <test-method signature="dfourth()[pri:3, instance:Testng.First@740cae06]" started-at="2023-02-07T17:18:01 IST" name="dfourth" description="fourth" finished-at="2023-02-07T17:18:01 IST" duration-ms="2" status="PASS">
          <reporter-output>
          </reporter-output>
        </test-method> <!-- dfourth -->
        <test-method is-config="true" signature="afterMethod()[pri:0, instance:Testng.First@740cae06]" started-at="2023-02-07T17:18:01 IST" name="afterMethod" finished-at="2023-02-07T17:18:01 IST" duration-ms="1" status="PASS">
          <reporter-output>
          </reporter-output>
        </test-method> <!-- afterMethod -->
        <test-method is-config="true" signature="beforeMethod()[pri:0, instance:Testng.First@740cae06]" started-at="2023-02-07T17:18:01 IST" name="beforeMethod" finished-at="2023-02-07T17:18:01 IST" duration-ms="1" status="PASS">
          <reporter-output>
          </reporter-output>
        </test-method> <!-- beforeMethod -->
        <test-method signature="dfourth()[pri:3, instance:Testng.First@740cae06]" started-at="2023-02-07T17:18:01 IST" name="dfourth" description="fourth" finished-at="2023-02-07T17:18:01 IST" duration-ms="2" status="PASS">
          <reporter-output>
          </reporter-output>
        </test-method> <!-- dfourth -->
        <test-method is-config="true" signature="afterMethod()[pri:0, instance:Testng.First@740cae06]" started-at="2023-02-07T17:18:01 IST" name="afterMethod" finished-at="2023-02-07T17:18:01 IST" duration-ms="1" status="PASS">
          <reporter-output>
          </reporter-output>
        </test-method> <!-- afterMethod -->
        <test-method is-config="true" signature="beforeMethod()[pri:0, instance:Testng.First@740cae06]" started-at="2023-02-07T17:18:01 IST" name="beforeMethod" finished-at="2023-02-07T17:18:01 IST" duration-ms="1" status="PASS">
          <reporter-output>
          </reporter-output>
        </test-method> <!-- beforeMethod -->
        <test-method signature="dfourth()[pri:3, instance:Testng.First@740cae06]" started-at="2023-02-07T17:18:01 IST" name="dfourth" description="fourth" finished-at="2023-02-07T17:18:01 IST" duration-ms="2" status="PASS">
          <reporter-output>
          </reporter-output>
        </test-method> <!-- dfourth -->
        <test-method is-config="true" signature="afterMethod()[pri:0, instance:Testng.First@740cae06]" started-at="2023-02-07T17:18:01 IST" name="afterMethod" finished-at="2023-02-07T17:18:01 IST" duration-ms="0" status="PASS">
          <reporter-output>
          </reporter-output>
        </test-method> <!-- afterMethod -->
        <test-method is-config="true" signature="beforeMethod()[pri:0, instance:Testng.First@740cae06]" started-at="2023-02-07T17:18:01 IST" name="beforeMethod" finished-at="2023-02-07T17:18:01 IST" duration-ms="0" status="PASS">
          <reporter-output>
          </reporter-output>
        </test-method> <!-- beforeMethod -->
        <test-method signature="dfourth()[pri:3, instance:Testng.First@740cae06]" started-at="2023-02-07T17:18:01 IST" name="dfourth" description="fourth" finished-at="2023-02-07T17:18:01 IST" duration-ms="2" status="PASS">
          <reporter-output>
          </reporter-output>
        </test-method> <!-- dfourth -->
        <test-method is-config="true" signature="afterMethod()[pri:0, instance:Testng.First@740cae06]" started-at="2023-02-07T17:18:01 IST" name="afterMethod" finished-at="2023-02-07T17:18:01 IST" duration-ms="1" status="PASS">
          <reporter-output>
          </reporter-output>
        </test-method> <!-- afterMethod -->
        <test-method is-config="true" signature="beforeMethod()[pri:0, instance:Testng.First@740cae06]" started-at="2023-02-07T17:18:01 IST" name="beforeMethod" finished-at="2023-02-07T17:18:01 IST" duration-ms="0" status="PASS">
          <reporter-output>
          </reporter-output>
        </test-method> <!-- beforeMethod -->
        <test-method signature="dfourth()[pri:3, instance:Testng.First@740cae06]" started-at="2023-02-07T17:18:01 IST" name="dfourth" description="fourth" finished-at="2023-02-07T17:18:01 IST" duration-ms="2" status="PASS">
          <reporter-output>
          </reporter-output>
        </test-method> <!-- dfourth -->
        <test-method is-config="true" signature="afterMethod()[pri:0, instance:Testng.First@740cae06]" started-at="2023-02-07T17:18:01 IST" name="afterMethod" finished-at="2023-02-07T17:18:01 IST" duration-ms="1" status="PASS">
          <reporter-output>
          </reporter-output>
        </test-method> <!-- afterMethod -->
        <test-method is-config="true" signature="beforeMethod()[pri:0, instance:Testng.First@740cae06]" started-at="2023-02-07T17:18:01 IST" name="beforeMethod" finished-at="2023-02-07T17:18:01 IST" duration-ms="1" status="PASS">
          <reporter-output>
          </reporter-output>
        </test-method> <!-- beforeMethod -->
        <test-method signature="dfourth()[pri:3, instance:Testng.First@740cae06]" started-at="2023-02-07T17:18:01 IST" name="dfourth" description="fourth" finished-at="2023-02-07T17:18:01 IST" duration-ms="1" status="PASS">
          <reporter-output>
          </reporter-output>
        </test-method> <!-- dfourth -->
        <test-method is-config="true" signature="afterMethod()[pri:0, instance:Testng.First@740cae06]" started-at="2023-02-07T17:18:01 IST" name="afterMethod" finished-at="2023-02-07T17:18:01 IST" duration-ms="1" status="PASS">
          <reporter-output>
          </reporter-output>
        </test-method> <!-- afterMethod -->
        <test-method is-config="true" signature="beforeMethod()[pri:0, instance:Testng.First@740cae06]" started-at="2023-02-07T17:18:01 IST" name="beforeMethod" finished-at="2023-02-07T17:18:01 IST" duration-ms="1" status="PASS">
          <reporter-output>
          </reporter-output>
        </test-method> <!-- beforeMethod -->
        <test-method signature="dfourth()[pri:3, instance:Testng.First@740cae06]" started-at="2023-02-07T17:18:01 IST" name="dfourth" description="fourth" finished-at="2023-02-07T17:18:01 IST" duration-ms="1" status="PASS">
          <reporter-output>
          </reporter-output>
        </test-method> <!-- dfourth -->
        <test-method is-config="true" signature="afterMethod()[pri:0, instance:Testng.First@740cae06]" started-at="2023-02-07T17:18:01 IST" name="afterMethod" finished-at="2023-02-07T17:18:01 IST" duration-ms="1" status="PASS">
          <reporter-output>
          </reporter-output>
        </test-method> <!-- afterMethod -->
        <test-method is-config="true" signature="beforeMethod()[pri:0, instance:Testng.First@740cae06]" started-at="2023-02-07T17:18:01 IST" name="beforeMethod" finished-at="2023-02-07T17:18:01 IST" duration-ms="1" status="PASS">
          <reporter-output>
          </reporter-output>
        </test-method> <!-- beforeMethod -->
        <test-method signature="dfourth()[pri:3, instance:Testng.First@740cae06]" started-at="2023-02-07T17:18:01 IST" name="dfourth" description="fourth" finished-at="2023-02-07T17:18:01 IST" duration-ms="2" status="PASS">
          <reporter-output>
          </reporter-output>
        </test-method> <!-- dfourth -->
        <test-method is-config="true" signature="afterMethod()[pri:0, instance:Testng.First@740cae06]" started-at="2023-02-07T17:18:01 IST" name="afterMethod" finished-at="2023-02-07T17:18:01 IST" duration-ms="1" status="PASS">
          <reporter-output>
          </reporter-output>
        </test-method> <!-- afterMethod -->
        <test-method is-config="true" signature="beforeMethod()[pri:0, instance:Testng.First@740cae06]" started-at="2023-02-07T17:18:01 IST" name="beforeMethod" finished-at="2023-02-07T17:18:01 IST" duration-ms="0" status="PASS">
          <reporter-output>
          </reporter-output>
        </test-method> <!-- beforeMethod -->
        <test-method signature="dfourth()[pri:3, instance:Testng.First@740cae06]" started-at="2023-02-07T17:18:01 IST" name="dfourth" description="fourth" finished-at="2023-02-07T17:18:01 IST" duration-ms="2" status="PASS">
          <reporter-output>
          </reporter-output>
        </test-method> <!-- dfourth -->
        <test-method is-config="true" signature="afterMethod()[pri:0, instance:Testng.First@740cae06]" started-at="2023-02-07T17:18:01 IST" name="afterMethod" finished-at="2023-02-07T17:18:01 IST" duration-ms="0" status="PASS">
          <reporter-output>
          </reporter-output>
        </test-method> <!-- afterMethod -->
        <test-method is-config="true" signature="Afterclass()[pri:0, instance:Testng.First@740cae06]" started-at="2023-02-07T17:18:01 IST" name="Afterclass" finished-at="2023-02-07T17:18:01 IST" duration-ms="1" status="PASS">
          <reporter-output>
          </reporter-output>
        </test-method> <!-- Afterclass -->
        <test-method is-config="true" signature="aftersuite()[pri:0, instance:Testng.First@740cae06]" started-at="2023-02-07T17:18:01 IST" name="aftersuite" finished-at="2023-02-07T17:18:01 IST" duration-ms="0" status="PASS">
          <reporter-output>
          </reporter-output>
        </test-method> <!-- aftersuite -->
      </class> <!-- Testng.First -->
    </test> <!-- Default test -->
  </suite> <!-- Default suite -->
</testng-results>
